[INFO] tello.py - 120 - Tello instance was initialized. Host: '192.168.10.1'. Port: '8889'.
[INFO] tello.py - 408 - Send command: 'command'
Traceback (most recent call last):
  File "/home/wcyat/dev/drone/./drone/land.py", line 16, in <module>
    main()
  File "/home/wcyat/dev/drone/./drone/land.py", line 11, in main
    tello.connect(True)
  File "/home/wcyat/dev/drone/.venv/lib/python3.10/site-packages/djitellopy_reduced/enforce_types.py", line 54, in wrapper
    return func(*args, **kwargs)
  File "/home/wcyat/dev/drone/.venv/lib/python3.10/site-packages/djitellopy_reduced/tello.py", line 505, in connect
    self.send_control_command("command")
  File "/home/wcyat/dev/drone/.venv/lib/python3.10/site-packages/djitellopy_reduced/enforce_types.py", line 54, in wrapper
    return func(*args, **kwargs)
  File "/home/wcyat/dev/drone/.venv/lib/python3.10/site-packages/djitellopy_reduced/tello.py", line 450, in send_control_command
    response = self.send_command_with_return(command, timeout=timeout)
  File "/home/wcyat/dev/drone/.venv/lib/python3.10/site-packages/djitellopy_reduced/enforce_types.py", line 54, in wrapper
    return func(*args, **kwargs)
  File "/home/wcyat/dev/drone/.venv/lib/python3.10/site-packages/djitellopy_reduced/tello.py", line 420, in send_command_with_return
    time.sleep(0.1)  # Sleep during send command
KeyboardInterrupt
[INFO] tello.py - 120 - Tello instance was initialized. Host: '192.168.10.1'. Port: '8889'.
[INFO] tello.py - 408 - Send command: 'command'
[INFO] tello.py - 432 - Response command: 'ok'
[INFO] tello.py - 408 - Send command: 'sdk?'
[INFO] tello.py - 432 - Response sdk?: '30'
[INFO] tello.py - 408 - Send command: 'mon'
[INFO] tello.py - 432 - Response mon: 'ok'
[INFO] tello.py - 408 - Send command: 'takeoff'
[INFO] tello.py - 432 - Response takeoff: 'ok'
[INFO] tello.py - 408 - Send command: 'speed 60'
[INFO] tello.py - 432 - Response speed 60: 'ok'
[INFO] tello.py - 408 - Send command: 'up 30'
[INFO] tello.py - 432 - Response up 30: 'ok'
[INFO] tello.py - 408 - Send command: 'forward 30'
[INFO] tello.py - 432 - Response forward 30: 'ok'
[INFO] tello.py - 408 - Send command: 'go 0 0 100 60 m2'
[INFO] tello.py - 432 - Response go 0 0 100 60 m2: 'ok'
[INFO] tello.py - 408 - Send command: 'down 20'
[INFO] tello.py - 432 - Response down 20: 'ok'
[INFO] tello.py - 408 - Send command: 'down 20'
[INFO] tello.py - 432 - Response down 20: 'ok'
[INFO] tello.py - 408 - Send command: 'down 20'
[INFO] tello.py - 432 - Response down 20: 'ok'
[INFO] tello.py - 408 - Send command: 'down 20'
[INFO] tello.py - 432 - Response down 20: 'ok'
[INFO] tello.py - 408 - Send command: 'forward 200'
[INFO] tello.py - 432 - Response forward 200: 'error Motor stop'
[INFO] tello.py - 408 - Send command: 'forward 200'
[INFO] tello.py - 432 - Response forward 200: 'error Motor stop'
[INFO] tello.py - 408 - Send command: 'forward 200'
[INFO] tello.py - 432 - Response forward 200: 'error Motor stop'
Tello connected
SDK version: 30
battery: 94%
enabling mission pads detection
mission pad id: -1
Taking off
Took off
Moving up to 100cm
running pad -1
executed False
running the function
move forward 30cm
detected pad id: 2
new pad id 2
direction 1
detected pad id: 2
detected pad id: 2
detected pad id: 2
detected pad id: 2
detected pad id: 2
detected pad id: 2
detected pad id: 2
running pad 2
go to mission pad 2
detected pad id: 2
height: 100 cm
battery: 89%
temperature: 64.0 °C
tof distance: 112 cm
mission pad id: 2
running: 1
detected pad id: 2
detected pad id: 2
detected pad id: 2
detected pad id: 2
detected pad id: 2
detected pad id: 2
detected pad id: 2
detected pad id: 2
detected pad id: 2
detected pad id: 2
height: 90 cm
battery: 88%
temperature: 64.5 °C
tof distance: 100 cm
mission pad id: 2
running: 1
detected pad id: 2
detected pad id: 2
detected pad id: 2
detected pad id: 2
detected pad id: 2
detected pad id: 2
detected pad id: 2
detected pad id: 2
detected pad id: 2
detected pad id: 2
height: 90 cm
battery: 87%
temperature: 64.5 °C
tof distance: 99 cm
mission pad id: 2
running: 1
detected pad id: 2
detected pad id: 2
detected pad id: 2
detected pad id: 2
detected pad id: 2
detected pad id: 2
detected pad id: 2
detected pad id: 2
detected pad id: 2
detected pad id: 2
height: 90 cm
battery: 86%
temperature: 64.5 °C
tof distance: 100 cm
mission pad id: 2
running: 1
detected pad id: 2
executed False
running the function
running tunnel
detected pad id: 2
detected pad id: 2
detected pad id: 2
detected pad id: 2
detected pad id: 2
detected pad id: 2
detected pad id: 2
detected pad id: 2
detected pad id: 2
height: 70 cm
battery: 85%
temperature: 64.0 °C
tof distance: 87 cm
mission pad id: 2
running: 2
detected pad id: 2
detected pad id: 2
detected pad id: 2
detected pad id: 2
detected pad id: 2
detected pad id: 2
detected pad id: 2
detected pad id: 2
detected pad id: 2
detected pad id: 2
height: 60 cm
battery: 84%
temperature: 64.0 °C
tof distance: 71 cm
mission pad id: 2
running: 2
detected pad id: 2
detected pad id: 2
detected pad id: 2
detected pad id: 2
detected pad id: 2
detected pad id: 2
detected pad id: 2
detected pad id: 2
detected pad id: 2
detected pad id: 2
height: 40 cm
battery: 83%
temperature: 64.5 °C
tof distance: 55 cm
mission pad id: 2
running: 2
detected pad id: 2
detected pad id: 2
detected pad id: 2
detected pad id: 2
detected pad id: 2
detected pad id: 2
detected pad id: 2
detected pad id: 2
detected pad id: 2
detected pad id: 2
height: 30 cm
battery: 82%
temperature: 64.5 °C
tof distance: 40 cm
mission pad id: 2
running: 2
detected pad id: 2
detected pad id: 2
tunnel back mode 1
tunnel direction 1
detected pad id: 2
detected pad id: 2
detected pad id: 2
detected pad id: -1
detected pad id: -1
detected pad id: -1
detected pad id: -1
detected pad id: -1
height: -20 cm
battery: 81%
temperature: 64.5 °C
tof distance: 10 cm
mission pad id: 2
running: 2
detected pad id: -1
Traceback (most recent call last):
  File "/home/wcyat/dev/drone/./drone/index.py", line 9, in <module>
    main()
  File "/home/wcyat/dev/drone/drone/main.py", line 24, in main
    do_operation(common.padId)
  File "/home/wcyat/dev/drone/drone/utils/do_operation.py", line 47, in do_operation
    pad = match_functions(pad)
  File "/home/wcyat/dev/drone/drone/utils/do_operation.py", line 93, in match_functions
    run_pad = execute(tunnel)
  File "/home/wcyat/dev/drone/drone/utils/execute.py", line 24, in execute
    func(common.tello)
  File "/home/wcyat/dev/drone/drone/functions/tunnel.py", line 38, in tunnel
    common.directions_funcs(common.direction)(fly_distance)
  File "/home/wcyat/dev/drone/.venv/lib/python3.10/site-packages/djitellopy_reduced/enforce_types.py", line 54, in wrapper
    return func(*args, **kwargs)
  File "/home/wcyat/dev/drone/.venv/lib/python3.10/site-packages/djitellopy_reduced/tello.py", line 622, in move_forward
    self.move("forward", x)
  File "/home/wcyat/dev/drone/.venv/lib/python3.10/site-packages/djitellopy_reduced/enforce_types.py", line 54, in wrapper
    return func(*args, **kwargs)
  File "/home/wcyat/dev/drone/.venv/lib/python3.10/site-packages/djitellopy_reduced/tello.py", line 587, in move
    self.send_control_command("{} {}".format(direction, x))
  File "/home/wcyat/dev/drone/.venv/lib/python3.10/site-packages/djitellopy_reduced/enforce_types.py", line 54, in wrapper
    return func(*args, **kwargs)
  File "/home/wcyat/dev/drone/.venv/lib/python3.10/site-packages/djitellopy_reduced/tello.py", line 457, in send_control_command
    self.raise_result_error(command, response)
  File "/home/wcyat/dev/drone/.venv/lib/python3.10/site-packages/djitellopy_reduced/enforce_types.py", line 54, in wrapper
    return func(*args, **kwargs)
  File "/home/wcyat/dev/drone/.venv/lib/python3.10/site-packages/djitellopy_reduced/tello.py", line 499, in raise_result_error
    raise TelloException("Command '{}' was unsuccessful for {} tries. Latest response:\t'{}'"
djitellopy_reduced.tello.TelloException: Command 'forward 200' was unsuccessful for 4 tries. Latest response:	'error Motor stop'
Exception ignored in: <module 'threading' from '/usr/lib/python3.10/threading.py'>
Traceback (most recent call last):
  File "/usr/lib/python3.10/threading.py", line 1567, in _shutdown
    lock.acquire()
KeyboardInterrupt: 
detected pad id: -1
detected pad id: -1
detected pad id: -1
detected pad id: -1
detected pad id: -1
detected pad id: -1
detected pad id: -1
detected pad id: -1
detected pad id: -1
height: 0 cm
battery: 81%
temperature: 64.0 °C
tof distance: 10 cm
mission pad id: 2
running: 2
detected pad id: -1
detected pad id: -1
detected pad id: -1
detected pad id: -1
detected pad id: -1
detected pad id: -1
detected pad id: -1
detected pad id: -1
detected pad id: -1
detected pad id: -1
height: 50 cm
battery: 81%
temperature: 64.5 °C
tof distance: 40 cm
mission pad id: 2
running: 2
detected pad id: -1
detected pad id: -1
detected pad id: -1
detected pad id: -1
detected pad id: -1
detected pad id: -1
detected pad id: -1
detected pad id: -1
detected pad id: -1
detected pad id: -1
height: 0 cm
battery: 81%
temperature: 64.5 °C
tof distance: 10 cm
mission pad id: 2
running: 2
detected pad id: -1
detected pad id: -1
detected pad id: -1
detected pad id: -1
detected pad id: -1
detected pad id: -1
detected pad id: -1
detected pad id: -1
detected pad id: -1
detected pad id: -1
height: 0 cm
battery: 81%
temperature: 64.0 °C
tof distance: 10 cm
mission pad id: 2
running: 2
detected pad id: -1
detected pad id: -1
detected pad id: -1
detected pad id: -1
detected pad id: -1
detected pad id: -1
detected pad id: -1
detected pad id: -1
detected pad id: -1
detected pad id: -1
height: 0 cm
battery: 81%
temperature: 65.0 °C
tof distance: 10 cm
mission pad id: 2
running: 2
detected pad id: -1
detected pad id: -1
detected pad id: -1
[INFO] tello.py - 408 - Send command: 'land'
[INFO] tello.py - 120 - Tello instance was initialized. Host: '192.168.10.1'. Port: '8889'.
[INFO] tello.py - 408 - Send command: 'command'
[INFO] tello.py - 432 - Response command: 'ok'
[INFO] tello.py - 408 - Send command: 'sdk?'
[INFO] tello.py - 432 - Response sdk?: '30'
[INFO] tello.py - 408 - Send command: 'mon'
[INFO] tello.py - 432 - Response mon: 'ok'
[INFO] tello.py - 408 - Send command: 'takeoff'
[INFO] tello.py - 432 - Response takeoff: 'ok'
[INFO] tello.py - 408 - Send command: 'speed 60'
[INFO] tello.py - 432 - Response speed 60: 'ok'
[INFO] tello.py - 408 - Send command: 'up 30'
[INFO] tello.py - 432 - Response up 30: 'ok'
[INFO] tello.py - 408 - Send command: 'forward 30'
[INFO] tello.py - 432 - Response forward 30: 'ok'
[INFO] tello.py - 408 - Send command: 'go 0 0 100 60 m2'
[INFO] tello.py - 432 - Response go 0 0 100 60 m2: 'ok'
[INFO] tello.py - 408 - Send command: 'down 20'
[INFO] tello.py - 432 - Response down 20: 'ok'
[INFO] tello.py - 408 - Send command: 'down 20'
[INFO] tello.py - 432 - Response down 20: 'ok'
[INFO] tello.py - 408 - Send command: 'down 20'
[INFO] tello.py - 432 - Response down 20: 'ok'
[INFO] tello.py - 408 - Send command: 'down 20'
[INFO] tello.py - 432 - Response down 20: 'ok'
[INFO] tello.py - 408 - Send command: 'down 20'
[INFO] tello.py - 432 - Response down 20: 'ok'
[INFO] tello.py - 408 - Send command: 'forward 200'
[INFO] tello.py - 432 - Response forward 200: 'ok'
[INFO] tello.py - 408 - Send command: 'left 50'
[INFO] tello.py - 432 - Response left 50: 'ok'
[INFO] tello.py - 408 - Send command: 'back 200'
[INFO] tello.py - 432 - Response back 200: 'ok'
[INFO] tello.py - 408 - Send command: 'go 0 0 100 60 m2'
[INFO] tello.py - 432 - Response go 0 0 100 60 m2: 'ok'
[INFO] tello.py - 408 - Send command: 'down 20'
[INFO] tello.py - 432 - Response down 20: 'ok'
[INFO] tello.py - 408 - Send command: 'down 20'
[INFO] tello.py - 432 - Response down 20: 'ok'
[INFO] tello.py - 408 - Send command: 'down 20'
[INFO] tello.py - 432 - Response down 20: 'ok'
[INFO] tello.py - 408 - Send command: 'down 20'
[INFO] tello.py - 432 - Response down 20: 'ok'
[INFO] tello.py - 408 - Send command: 'down 20'
[INFO] tello.py - 432 - Response down 20: 'ok'
[INFO] tello.py - 408 - Send command: 'down 20'
[INFO] tello.py - 432 - Response down 20: 'ok'
[INFO] tello.py - 408 - Send command: 'down 20'
[INFO] tello.py - 432 - Response down 20: 'ok'
[INFO] tello.py - 408 - Send command: 'forward 200'
[INFO] tello.py - 432 - Response forward 200: 'ok'
[INFO] tello.py - 408 - Send command: 'up 50'
[INFO] tello.py - 432 - Response up 50: 'ok'
[INFO] tello.py - 408 - Send command: 'forward 30'
[INFO] tello.py - 432 - Response forward 30: 'ok'
[INFO] tello.py - 408 - Send command: 'go 0 0 100 60 m7'
Tello connected
SDK version: 30
battery: 81%
enabling mission pads detection
mission pad id: -1
Taking off
Took off
Moving up to 100cm
running pad -1
executed False
running the function
move forward 30cm
detected pad id: 2
new pad id 2
direction 1
detected pad id: 2
detected pad id: 2
detected pad id: 2
detected pad id: 2
detected pad id: 2
detected pad id: 2
detected pad id: 2
detected pad id: 2
running pad 2
go to mission pad 2
height: 100 cm
battery: 81%
temperature: 64.0 °C
tof distance: 111 cm
mission pad id: 2
running: 1
detected pad id: 2
detected pad id: 2
detected pad id: 2
detected pad id: 2
detected pad id: 2
executed False
running the function
running tunnel
detected pad id: 2
detected pad id: 2
detected pad id: 2
detected pad id: 2
detected pad id: 2
height: 90 cm
battery: 81%
temperature: 64.5 °C
tof distance: 96 cm
mission pad id: 2
running: 2
detected pad id: 2
detected pad id: 2
detected pad id: 2
detected pad id: 2
detected pad id: 2
detected pad id: 2
detected pad id: 2
detected pad id: 2
detected pad id: 2
detected pad id: 2
height: 70 cm
battery: 81%
temperature: 64.5 °C
tof distance: 80 cm
mission pad id: 2
running: 2
detected pad id: 2
detected pad id: 2
detected pad id: 2
detected pad id: 2
detected pad id: 2
detected pad id: 2
detected pad id: 2
detected pad id: 2
detected pad id: 2
detected pad id: 2
height: 60 cm
battery: 81%
temperature: 65.0 °C
tof distance: 65 cm
mission pad id: 2
running: 2
detected pad id: 2
detected pad id: 2
detected pad id: 2
detected pad id: 2
detected pad id: 2
detected pad id: 2
detected pad id: 2
detected pad id: 2
detected pad id: 2
detected pad id: 2
height: 40 cm
battery: 80%
temperature: 65.0 °C
tof distance: 49 cm
mission pad id: 2
running: 2
detected pad id: 2
detected pad id: 2
detected pad id: 2
detected pad id: 2
detected pad id: 2
detected pad id: 2
detected pad id: 2
detected pad id: 2
detected pad id: 2
detected pad id: 2
height: 30 cm
battery: 79%
temperature: 65.5 °C
tof distance: 38 cm
mission pad id: 2
running: 2
detected pad id: 2
detected pad id: 2
detected pad id: 2
detected pad id: 2
detected pad id: 2
detected pad id: 2
detected pad id: 2
detected pad id: 2
detected pad id: 2
tunnel back mode 1
tunnel direction 1
detected pad id: 2
height: 20 cm
battery: 79%
temperature: 65.5 °C
tof distance: 29 cm
mission pad id: 2
running: 2
detected pad id: 2
detected pad id: 2
detected pad id: 2
detected pad id: 2
detected pad id: 2
detected pad id: 2
detected pad id: 2
detected pad id: 2
detected pad id: 2
detected pad id: 2
height: 20 cm
battery: 78%
temperature: 65.5 °C
tof distance: 29 cm
mission pad id: 2
running: 2
detected pad id: 2
detected pad id: 2
detected pad id: 2
detected pad id: 2
detected pad id: 2
detected pad id: 2
detected pad id: 2
detected pad id: 2
detected pad id: 2
detected pad id: 2
height: 20 cm
battery: 78%
temperature: 65.5 °C
tof distance: 30 cm
mission pad id: 2
running: 2
detected pad id: 2
detected pad id: 2
detected pad id: 2
detected pad id: 2
detected pad id: 2
detected pad id: 2
detected pad id: 2
detected pad id: 2
detected pad id: 2
detected pad id: -1
height: 20 cm
battery: 77%
temperature: 66.0 °C
tof distance: 27 cm
mission pad id: 2
running: 2
detected pad id: -1
detected pad id: -1
detected pad id: -1
detected pad id: -1
detected pad id: -1
detected pad id: -1
detected pad id: -1
detected pad id: -1
detected pad id: -1
detected pad id: -1
height: 20 cm
battery: 77%
temperature: 66.0 °C
tof distance: 31 cm
mission pad id: 2
running: 2
detected pad id: -1
detected pad id: -1
detected pad id: -1
detected pad id: -1
detected pad id: -1
detected pad id: -1
detected pad id: -1
detected pad id: -1
detected pad id: -1
detected pad id: -1
height: 20 cm
battery: 77%
temperature: 65.5 °C
tof distance: 33 cm
mission pad id: 2
running: 2
detected pad id: -1
detected pad id: -1
detected pad id: -1
detected pad id: -1
detected pad id: -1
detected pad id: -1
detected pad id: -1
detected pad id: -1
detected pad id: -1
detected pad id: -1
height: 20 cm
battery: 76%
temperature: 65.5 °C
tof distance: 30 cm
mission pad id: 2
running: 2
detected pad id: -1
detected pad id: -1
go to mission pad 2
detected pad id: -1
detected pad id: -1
detected pad id: -1
detected pad id: -1
detected pad id: -1
detected pad id: -1
detected pad id: -1
detected pad id: -1
height: 70 cm
battery: 76%
temperature: 66.5 °C
tof distance: 85 cm
mission pad id: 2
running: 2
detected pad id: 2
detected pad id: 2
detected pad id: 2
detected pad id: 2
detected pad id: 2
detected pad id: 2
detected pad id: 2
detected pad id: 2
detected pad id: 2
detected pad id: 2
height: 90 cm
battery: 75%
temperature: 66.5 °C
tof distance: 98 cm
mission pad id: 2
running: 2
detected pad id: 2
detected pad id: 2
detected pad id: 2
detected pad id: 2
detected pad id: 2
detected pad id: 2
detected pad id: 2
detected pad id: 2
detected pad id: 2
detected pad id: 2
height: 70 cm
battery: 75%
temperature: 66.0 °C
tof distance: 81 cm
mission pad id: 2
running: 2
detected pad id: 2
detected pad id: 2
detected pad id: 2
detected pad id: 2
detected pad id: 2
detected pad id: 2
detected pad id: 2
detected pad id: 2
detected pad id: 2
detected pad id: 2
height: 60 cm
battery: 75%
temperature: 66.5 °C
tof distance: 65 cm
mission pad id: 2
running: 2
detected pad id: 2
detected pad id: 2
detected pad id: 2
detected pad id: 2
detected pad id: 2
detected pad id: 2
detected pad id: 2
detected pad id: 2
detected pad id: 2
detected pad id: 2
height: 40 cm
battery: 75%
temperature: 66.0 °C
tof distance: 49 cm
mission pad id: 2
running: 2
detected pad id: 2
detected pad id: 2
detected pad id: 2
detected pad id: 2
detected pad id: 2
detected pad id: 2
detected pad id: 2
detected pad id: 2
detected pad id: 2
detected pad id: 2
height: 20 cm
battery: 75%
temperature: 66.5 °C
tof distance: 30 cm
mission pad id: 2
running: 2
detected pad id: 2
detected pad id: 2
detected pad id: 2
detected pad id: 2
detected pad id: 2
detected pad id: 2
detected pad id: 2
detected pad id: 2
detected pad id: 2
detected pad id: 2
height: 20 cm
battery: 75%
temperature: 66.5 °C
tof distance: 29 cm
mission pad id: 2
running: 2
detected pad id: 2
detected pad id: 2
detected pad id: 2
detected pad id: 2
detected pad id: 2
detected pad id: 2
detected pad id: 2
detected pad id: 2
detected pad id: 2
detected pad id: 2
height: 20 cm
battery: 74%
temperature: 66.0 °C
tof distance: 29 cm
mission pad id: 2
running: 2
detected pad id: 2
detected pad id: 2
detected pad id: 2
detected pad id: 2
detected pad id: 2
detected pad id: 2
detected pad id: 2
detected pad id: 2
detected pad id: 2
detected pad id: 2
height: 20 cm
battery: 74%
temperature: 66.0 °C
tof distance: 32 cm
mission pad id: 2
running: 2
detected pad id: 2
detected pad id: 2
detected pad id: 2
detected pad id: 2
detected pad id: 2
detected pad id: 2
detected pad id: 2
detected pad id: 2
detected pad id: 2
detected pad id: 2
height: 20 cm
battery: 74%
temperature: 66.5 °C
tof distance: 28 cm
mission pad id: 2
running: 2
detected pad id: 2
detected pad id: 2
detected pad id: 2
detected pad id: 2
detected pad id: 2
detected pad id: 2
detected pad id: 2
detected pad id: 2
detected pad id: 2
detected pad id: 2
height: 20 cm
battery: 74%
temperature: 66.5 °C
tof distance: 28 cm
mission pad id: 2
running: 2
detected pad id: 2
detected pad id: 2
detected pad id: 2
detected pad id: 2
detected pad id: 2
detected pad id: 2
detected pad id: -1
detected pad id: -1
detected pad id: -1
detected pad id: -1
height: 60 cm
battery: 74%
temperature: 66.5 °C
tof distance: 72 cm
mission pad id: 2
running: 2
detected pad id: -1
detected pad id: -1
running pad 2
executed True
direction 1
move forward 30cm
detected pad id: 7
new pad id 7
direction 1
detected pad id: 7
detected pad id: 7
detected pad id: 7
detected pad id: 7
detected pad id: 7
detected pad id: 7
detected pad id: 7
height: 70 cm
battery: 73%
temperature: 66.5 °C
tof distance: 77 cm
mission pad id: 7
running: 2
detected pad id: 7
running pad 7
go to mission pad 7
detected pad id: 7
detected pad id: 7
detected pad id: 7
detected pad id: 7
detected pad id: 7
detected pad id: 7
detected pad id: 7
detected pad id: 7
[INFO] tello.py - 432 - Response go 0 0 100 60 m7: 'ok'
[INFO] tello.py - 408 - Send command: 'right 60'
[INFO] tello.py - 432 - Response right 60: 'ok'
[INFO] tello.py - 408 - Send command: 'forward 120'
[INFO] tello.py - 432 - Response forward 120: 'ok'
[INFO] tello.py - 408 - Send command: 'left 120'
[INFO] tello.py - 432 - Response left 120: 'ok'
[INFO] tello.py - 408 - Send command: 'back 120'
[INFO] tello.py - 432 - Response back 120: 'ok'
[INFO] tello.py - 408 - Send command: 'right 60'
[INFO] tello.py - 432 - Response right 60: 'ok'
[INFO] tello.py - 408 - Send command: 'go 0 0 100 60 m7'
[INFO] tello.py - 432 - Response go 0 0 100 60 m7: 'error No valid marker'
[INFO] tello.py - 408 - Send command: 'go 0 0 100 60 m7'
[INFO] tello.py - 432 - Response go 0 0 100 60 m7: 'error No valid marker'
[INFO] tello.py - 408 - Send command: 'go 0 0 100 60 m7'
[INFO] tello.py - 432 - Response go 0 0 100 60 m7: 'error No valid marker'
detected pad id: 7
height: 100 cm
battery: 73%
temperature: 66.0 °C
tof distance: 108 cm
mission pad id: 7
running: 2
detected pad id: 7
detected pad id: 7
detected pad id: 7
detected pad id: 7
detected pad id: 7
detected pad id: 7
detected pad id: 7
detected pad id: 7
detected pad id: 7
executed False
running the function
Going around.
detected pad id: 7
height: 90 cm
battery: 72%
temperature: 66.0 °C
tof distance: 101 cm
mission pad id: 7
running: 7
detected pad id: 7
detected pad id: 7
detected pad id: 7
detected pad id: 7
detected pad id: 7
detected pad id: 7
detected pad id: 7
detected pad id: 7
detected pad id: 7
detected pad id: 7
height: 90 cm
battery: 72%
temperature: 66.5 °C
tof distance: 103 cm
mission pad id: 7
running: 7
detected pad id: 7
detected pad id: 7
detected pad id: 7
detected pad id: 7
detected pad id: 7
detected pad id: 7
detected pad id: 7
detected pad id: 7
detected pad id: 7
detected pad id: 7
height: 90 cm
battery: 72%
temperature: 66.0 °C
tof distance: 103 cm
mission pad id: 7
running: 7
detected pad id: 7
detected pad id: 7
detected pad id: 7
detected pad id: 7
detected pad id: 7
detected pad id: 7
detected pad id: 7
detected pad id: 7
detected pad id: 7
detected pad id: 7
height: 90 cm
battery: 72%
temperature: 66.5 °C
tof distance: 99 cm
mission pad id: 7
running: 7
detected pad id: 7
detected pad id: 7
detected pad id: 7
detected pad id: 7
detected pad id: 7
detected pad id: 7
detected pad id: 7
detected pad id: 7
detected pad id: -1
detected pad id: -1
height: 90 cm
battery: 71%
temperature: 66.5 °C
tof distance: 99 cm
mission pad id: 7
running: 7
detected pad id: -1
detected pad id: -1
detected pad id: -1
detected pad id: -1
detected pad id: -1
detected pad id: -1
detected pad id: -1
detected pad id: -1
detected pad id: 2
new pad id 2
direction 3
detected pad id: 2
height: 90 cm
battery: 71%
temperature: 66.5 °C
tof distance: 99 cm
mission pad id: 2
running: 7
detected pad id: 2
detected pad id: 2
detected pad id: 2
detected pad id: 2
detected pad id: 2
detected pad id: 2
detected pad id: 2
detected pad id: 2
detected pad id: 2
detected pad id: 2
height: 90 cm
battery: 71%
temperature: 66.5 °C
tof distance: 104 cm
mission pad id: 2
running: 7
detected pad id: 2
detected pad id: 2
detected pad id: 2
go to mission pad 7
detected pad id: 2
detected pad id: 2
detected pad id: 2
detected pad id: 2
detected pad id: 2
detected pad id: 2
detected pad id: 2
height: 90 cm
battery: 71%
temperature: 66.0 °C
tof distance: 102 cm
mission pad id: 2
running: 7
detected pad id: 2
detected pad id: 2
detected pad id: 2
detected pad id: 2
detected pad id: 2
detected pad id: 2
detected pad id: 2
detected pad id: 2
detected pad id: 2
detected pad id: 2
height: 90 cm
battery: 71%
temperature: 66.5 °C
tof distance: 102 cm
mission pad id: 2
running: 7
detected pad id: 2
detected pad id: 2
detected pad id: 2
detected pad id: -1
detected pad id: -1
detected pad id: -1
detected pad id: -1
detected pad id: -1
detected pad id: -1
detected pad id: -1
height: 90 cm
battery: 70%
temperature: 66.5 °C
tof distance: 101 cm
mission pad id: 2
running: 7
detected pad id: -1
detected pad id: -1
detected pad id: -1
detected pad id: -1
detected pad id: -1
detected pad id: -1
detected pad id: -1
Traceback (most recent call last):
  File "/home/wcyat/dev/drone/./drone/index.py", line 9, in <module>
    main()
  File "/home/wcyat/dev/drone/drone/main.py", line 24, in main
    do_operation(common.padId)
  File "/home/wcyat/dev/drone/drone/utils/do_operation.py", line 47, in do_operation
    pad = match_functions(pad)
  File "/home/wcyat/dev/drone/drone/utils/do_operation.py", line 104, in match_functions
    run_pad = execute(around)
  File "/home/wcyat/dev/drone/drone/utils/execute.py", line 24, in execute
    func(common.tello)
  File "/home/wcyat/dev/drone/drone/functions/around.py", line 27, in around
    go_to_pad(common.running)
  File "/home/wcyat/dev/drone/drone/utils/go_to_pad.py", line 6, in go_to_pad
    common.tello.go_xyz_speed_mid(
  File "/home/wcyat/dev/drone/.venv/lib/python3.10/site-packages/djitellopy_reduced/enforce_types.py", line 54, in wrapper
    return func(*args, **kwargs)
  File "/home/wcyat/dev/drone/.venv/lib/python3.10/site-packages/djitellopy_reduced/tello.py", line 716, in go_xyz_speed_mid
    self.send_control_command(cmd)
  File "/home/wcyat/dev/drone/.venv/lib/python3.10/site-packages/djitellopy_reduced/enforce_types.py", line 54, in wrapper
    return func(*args, **kwargs)
  File "/home/wcyat/dev/drone/.venv/lib/python3.10/site-packages/djitellopy_reduced/tello.py", line 457, in send_control_command
    self.raise_result_error(command, response)
  File "/home/wcyat/dev/drone/.venv/lib/python3.10/site-packages/djitellopy_reduced/enforce_types.py", line 54, in wrapper
    return func(*args, **kwargs)
  File "/home/wcyat/dev/drone/.venv/lib/python3.10/site-packages/djitellopy_reduced/tello.py", line 499, in raise_result_error
    raise TelloException("Command '{}' was unsuccessful for {} tries. Latest response:\t'{}'"
djitellopy_reduced.tello.TelloException: Command 'go 0 0 100 60 m7' was unsuccessful for 4 tries. Latest response:	'error No valid marker'
detected pad id: -1
detected pad id: -1
detected pad id: -1
height: 90 cm
battery: 70%
temperature: 66.0 °C
tof distance: 101 cm
mission pad id: 2
running: 7
detected pad id: -1
detected pad id: -1
detected pad id: -1
detected pad id: -1
detected pad id: -1
detected pad id: -1
detected pad id: -1
detected pad id: -1
detected pad id: -1
detected pad id: -1
height: 90 cm
battery: 70%
temperature: 66.5 °C
tof distance: 100 cm
mission pad id: 2
running: 7
detected pad id: -1
detected pad id: -1
detected pad id: -1
detected pad id: -1
detected pad id: -1
detected pad id: -1
detected pad id: -1
detected pad id: -1
detected pad id: -1
detected pad id: -1
height: 90 cm
battery: 70%
temperature: 66.5 °C
tof distance: 100 cm
mission pad id: 2
running: 7
detected pad id: -1
detected pad id: -1
detected pad id: -1
detected pad id: -1
detected pad id: -1
detected pad id: -1
detected pad id: -1
detected pad id: -1
detected pad id: -1
detected pad id: -1
height: 90 cm
battery: 70%
temperature: 66.5 °C
tof distance: 101 cm
mission pad id: 2
running: 7
detected pad id: -1
detected pad id: -1
detected pad id: -1
detected pad id: -1
detected pad id: -1
detected pad id: -1
detected pad id: -1
detected pad id: -1
detected pad id: -1
detected pad id: -1
height: 90 cm
battery: 70%
temperature: 66.5 °C
tof distance: 101 cm
mission pad id: 2
running: 7
detected pad id: -1
detected pad id: -1
detected pad id: -1
detected pad id: -1
detected pad id: -1
detected pad id: -1
detected pad id: -1
detected pad id: -1
detected pad id: -1
detected pad id: -1
height: 90 cm
battery: 69%
temperature: 66.5 °C
tof distance: 102 cm
mission pad id: 2
running: 7
detected pad id: -1
detected pad id: -1
detected pad id: -1
detected pad id: -1
detected pad id: -1
detected pad id: -1
detected pad id: -1
detected pad id: -1
detected pad id: -1
detected pad id: -1
height: 90 cm
battery: 69%
temperature: 66.5 °C
tof distance: 101 cm
mission pad id: 2
running: 7
detected pad id: -1
detected pad id: -1
detected pad id: -1
detected pad id: -1
detected pad id: -1
detected pad id: -1
detected pad id: -1
detected pad id: -1
detected pad id: -1
detected pad id: -1
height: 90 cm
battery: 69%
temperature: 66.5 °C
tof distance: 102 cm
mission pad id: 2
running: 7
detected pad id: -1
detected pad id: -1
detected pad id: -1
detected pad id: -1
detected pad id: -1
detected pad id: -1
detected pad id: -1
detected pad id: -1
detected pad id: -1
detected pad id: -1
height: 50 cm
battery: 69%
temperature: 67.0 °C
tof distance: 58 cm
mission pad id: 2
running: 7
detected pad id: -1
detected pad id: -1
detected pad id: -1
detected pad id: -1
detected pad id: -1
detected pad id: -1
detected pad id: -1
detected pad id: -1
detected pad id: -1
detected pad id: -1
height: 0 cm
battery: 69%
temperature: 66.5 °C
tof distance: 10 cm
mission pad id: 2
running: 7
detected pad id: -1
detected pad id: -1
detected pad id: -1
detected pad id: -1
detected pad id: -1
detected pad id: -1
detected pad id: -1
detected pad id: -1
detected pad id: -1
detected pad id: -1
height: 0 cm
battery: 69%
temperature: 66.5 °C
tof distance: 10 cm
mission pad id: 2
running: 7
detected pad id: -1
detected pad id: -1
detected pad id: -1
detected pad id: -1
detected pad id: -1
detected pad id: -1
detected pad id: -1
detected pad id: -1
detected pad id: -1
detected pad id: -1
height: 0 cm
battery: 69%
temperature: 66.0 °C
tof distance: 395 cm
mission pad id: 2
running: 7
detected pad id: -1
detected pad id: -1
detected pad id: -1
detected pad id: -1
detected pad id: -1
detected pad id: -1
detected pad id: -1
detected pad id: -1
detected pad id: -1
detected pad id: -1
height: 0 cm
battery: 69%
temperature: 66.0 °C
tof distance: 99 cm
mission pad id: 2
running: 7
detected pad id: -1
detected pad id: -1
detected pad id: -1
detected pad id: -1
detected pad id: -1
detected pad id: -1
detected pad id: -1
detected pad id: -1
detected pad id: -1
detected pad id: -1
height: 0 cm
battery: 69%
temperature: 66.0 °C
tof distance: 100 cm
mission pad id: 2
running: 7
detected pad id: -1
detected pad id: -1
detected pad id: -1
detected pad id: -1
detected pad id: -1
detected pad id: -1
detected pad id: -1
detected pad id: -1
detected pad id: -1
detected pad id: -1
height: 0 cm
battery: 69%
temperature: 66.0 °C
tof distance: 10 cm
mission pad id: 2
running: 7
detected pad id: -1
detected pad id: -1
detected pad id: -1
detected pad id: -1
detected pad id: -1
detected pad id: -1
detected pad id: -1
detected pad id: -1
detected pad id: -1
detected pad id: -1
height: 0 cm
battery: 69%
temperature: 66.0 °C
tof distance: 10 cm
mission pad id: 2
running: 7
detected pad id: -1
detected pad id: -1
detected pad id: -1
detected pad id: -1
detected pad id: -1
detected pad id: -1
detected pad id: -1
detected pad id: -1
detected pad id: -1
detected pad id: -1
height: 0 cm
battery: 69%
temperature: 66.0 °C
tof distance: 10 cm
mission pad id: 2
running: 7
detected pad id: -1
detected pad id: -1
detected pad id: -1
detected pad id: -1
detected pad id: -1
detected pad id: -1
detected pad id: -1
detected pad id: -1
detected pad id: -1
detected pad id: -1
height: 0 cm
battery: 69%
temperature: 66.0 °C
tof distance: 10 cm
mission pad id: 2
running: 7
detected pad id: -1
detected pad id: -1
detected pad id: -1
detected pad id: -1
detected pad id: -1
detected pad id: -1
detected pad id: -1
detected pad id: -1
detected pad id: -1
detected pad id: -1
height: 0 cm
battery: 69%
temperature: 66.0 °C
tof distance: 10 cm
mission pad id: 2
running: 7
detected pad id: -1
detected pad id: -1
detected pad id: -1
detected pad id: -1
detected pad id: -1
detected pad id: -1
detected pad id: -1
detected pad id: -1
detected pad id: -1
detected pad id: -1
height: 0 cm
battery: 69%
temperature: 66.0 °C
tof distance: 10 cm
mission pad id: 2
running: 7
detected pad id: -1
detected pad id: -1
detected pad id: -1
detected pad id: -1
detected pad id: -1
detected pad id: -1
detected pad id: -1
detected pad id: -1
detected pad id: -1
detected pad id: -1
height: 0 cm
battery: 69%
temperature: 66.5 °C
tof distance: 10 cm
mission pad id: 2
running: 7
detected pad id: -1
detected pad id: -1
detected pad id: -1
detected pad id: -1
detected pad id: -1
detected pad id: -1
detected pad id: -1
detected pad id: -1
detected pad id: -1
detected pad id: -1
height: 0 cm
battery: 69%
temperature: 66.0 °C
tof distance: 10 cm
mission pad id: 2
running: 7
detected pad id: -1
detected pad id: -1
detected pad id: -1
detected pad id: -1
detected pad id: -1
detected pad id: -1
detected pad id: -1
detected pad id: -1
detected pad id: -1
detected pad id: -1
height: 0 cm
battery: 69%
temperature: 66.5 °C
tof distance: 10 cm
mission pad id: 2
running: 7
detected pad id: -1
detected pad id: -1
detected pad id: -1
detected pad id: -1
detected pad id: -1
detected pad id: -1
detected pad id: -1
detected pad id: -1
detected pad id: -1
detected pad id: -1
height: 0 cm
battery: 69%
temperature: 66.5 °C
tof distance: 10 cm
mission pad id: 2
running: 7
detected pad id: -1
detected pad id: -1
detected pad id: -1
detected pad id: -1
detected pad id: -1
detected pad id: -1
detected pad id: -1
detected pad id: -1
detected pad id: -1
detected pad id: -1
height: 0 cm
battery: 69%
temperature: 66.0 °C
tof distance: 10 cm
mission pad id: 2
running: 7
detected pad id: -1
detected pad id: -1
detected pad id: -1
detected pad id: -1
detected pad id: -1
detected pad id: -1
detected pad id: -1
detected pad id: -1
detected pad id: -1
detected pad id: -1
height: 0 cm
battery: 69%
temperature: 66.5 °C
tof distance: 10 cm
mission pad id: 2
running: 7
detected pad id: -1
detected pad id: -1
detected pad id: -1
detected pad id: -1
detected pad id: -1
detected pad id: -1
detected pad id: -1
detected pad id: -1
detected pad id: -1
detected pad id: -1
height: 0 cm
battery: 69%
temperature: 66.5 °C
tof distance: 10 cm
mission pad id: 2
running: 7
detected pad id: -1
detected pad id: -1
detected pad id: -1
detected pad id: -1
detected pad id: -1
detected pad id: -1
detected pad id: -1
detected pad id: -1
detected pad id: -1
detected pad id: -1
height: 0 cm
battery: 69%
temperature: 66.0 °C
tof distance: 10 cm
mission pad id: 2
Exception ignored in: <module 'threading' from '/usr/lib/python3.10/threading.py'>
Traceback (most recent call last):
  File "/usr/lib/python3.10/threading.py", line 1567, in _shutdown
    lock.acquire()
KeyboardInterrupt: 
running: 7
detected pad id: -1
detected pad id: -1
detected pad id: -1
detected pad id: -1
detected pad id: -1
detected pad id: -1
detected pad id: -1
detected pad id: -1
detected pad id: -1
detected pad id: -1
height: 0 cm
battery: 69%
temperature: 66.0 °C
tof distance: 10 cm
mission pad id: 2
running: 7
detected pad id: -1
detected pad id: -1
detected pad id: -1
detected pad id: -1
detected pad id: -1
detected pad id: -1
detected pad id: -1
detected pad id: -1
detected pad id: -1
detected pad id: -1
height: 0 cm
battery: 69%
temperature: 66.0 °C
tof distance: 10 cm
mission pad id: 2
running: 7
detected pad id: -1
detected pad id: -1
detected pad id: -1
detected pad id: -1
detected pad id: -1
detected pad id: -1
detected pad id: -1
detected pad id: -1
detected pad id: -1
detected pad id: -1
height: 0 cm
battery: 69%
temperature: 66.0 °C
tof distance: 10 cm
mission pad id: 2
running: 7
detected pad id: -1
detected pad id: -1
detected pad id: -1
detected pad id: -1
detected pad id: -1
detected pad id: -1
detected pad id: -1
detected pad id: -1
detected pad id: -1
detected pad id: -1
height: 0 cm
battery: 69%
temperature: 66.0 °C
tof distance: 10 cm
mission pad id: 2
running: 7
detected pad id: -1
detected pad id: -1
detected pad id: -1
detected pad id: -1
detected pad id: -1
detected pad id: -1
detected pad id: -1
detected pad id: -1
detected pad id: -1
detected pad id: -1
height: 0 cm
battery: 69%
temperature: 66.0 °C
tof distance: 10 cm
mission pad id: 2
running: 7
detected pad id: -1
detected pad id: -1
detected pad id: -1
detected pad id: -1
detected pad id: -1
detected pad id: -1
detected pad id: -1
detected pad id: -1
detected pad id: -1
detected pad id: -1
height: 0 cm
battery: 69%
temperature: 66.0 °C
tof distance: 10 cm
mission pad id: 2
running: 7
detected pad id: -1
detected pad id: -1
detected pad id: -1
detected pad id: -1
detected pad id: -1
detected pad id: -1
detected pad id: -1
detected pad id: -1
detected pad id: -1
detected pad id: -1
height: 0 cm
battery: 69%
temperature: 66.0 °C
tof distance: 10 cm
mission pad id: 2
running: 7
detected pad id: -1
detected pad id: -1
detected pad id: -1
detected pad id: -1
detected pad id: -1
detected pad id: -1
[INFO] tello.py - 408 - Send command: 'land'
/home/wcyat/.local/lib/python3.10/site-packages/requests/__init__.py:102: RequestsDependencyWarning: urllib3 (1.26.12) or chardet (5.1.0)/charset_normalizer (2.0.12) doesn't match a supported version!
  warnings.warn("urllib3 ({}) or chardet ({})/charset_normalizer ({}) doesn't match a supported "
/home/wcyat/.local/lib/python3.10/site-packages/requests/__init__.py:102: RequestsDependencyWarning: urllib3 (1.26.12) or chardet (5.1.0)/charset_normalizer (2.0.12) doesn't match a supported version!
  warnings.warn("urllib3 ({}) or chardet ({})/charset_normalizer ({}) doesn't match a supported "
Traceback (most recent call last):
  File "/home/wcyat/dev/drone/./drone/land.py", line 16, in <module>
    main()
  File "/home/wcyat/dev/drone/./drone/land.py", line 7, in main
    load_dotenv()
  File "/home/wcyat/dev/drone/.venv/lib/python3.10/site-packages/dotenv/main.py", line 346, in load_dotenv
    return dotenv.set_as_environment_variables()
  File "/home/wcyat/dev/drone/.venv/lib/python3.10/site-packages/dotenv/main.py", line 91, in set_as_environment_variables
    if not self.dict():
  File "/home/wcyat/dev/drone/.venv/lib/python3.10/site-packages/dotenv/main.py", line 75, in dict
    self._dict = OrderedDict(resolve_variables(raw_values, override=self.override))
  File "/home/wcyat/dev/drone/.venv/lib/python3.10/site-packages/dotenv/main.py", line 244, in resolve_variables
    env.update(os.environ)  # type: ignore
  File "/usr/lib/python3.10/_collections_abc.py", line 886, in __iter__
    yield from self._mapping
  File "/usr/lib/python3.10/os.py", line 702, in __iter__
    yield self.decodekey(key)
KeyboardInterrupt
